2026-03-24 12:47:29 | INFO | P3 | === RUN START ===
2026-03-24 12:47:29 | INFO | P3 | project=CINTEL
2026-03-24 12:47:29 | INFO | P3 | repo_dir=cintel-03-signal-design
2026-03-24 12:47:29 | INFO | P3 | python=3.14.3
2026-03-24 12:47:29 | INFO | P3 | os=Windows 11
2026-03-24 12:47:29 | INFO | P3 | shell=powershell
2026-03-24 12:47:29 | INFO | P3 | cwd=.
2026-03-24 12:47:29 | INFO | P3 | github_actions=False
2026-03-24 12:47:29 | INFO | P3 | ========================
2026-03-24 12:47:29 | INFO | P3 | START main()
2026-03-24 12:47:29 | INFO | P3 | ========================
2026-03-24 12:47:29 | INFO | P3 | ROOT_DIR = .
2026-03-24 12:47:29 | INFO | P3 | DATA_FILE = data\system_metrics_case.csv
2026-03-24 12:47:29 | INFO | P3 | OUTPUT_FILE = artifacts\signals_case.csv
2026-03-24 12:47:29 | INFO | P3 | ARTIFACTS_DIR = artifacts
2026-03-24 12:47:29 | INFO | P3 | Loaded 10 system metric records
2026-03-24 12:47:29 | INFO | P3 | Designing signals from the raw metrics...
2026-03-24 12:47:29 | INFO | P3 | Created signal columns: error_rate, avg_latency_ms, throughput
2026-03-24 12:47:29 | INFO | P3 | Enhanced signals table has 10 rows
2026-03-24 12:47:29 | INFO | P3 | Wrote signals file: C:\Repos\cintel-03-signal-design\artifacts\signals_case.csv
2026-03-24 12:47:29 | INFO | P3 | ========================
2026-03-24 12:47:29 | INFO | P3 | Pipeline executed successfully!
2026-03-24 12:47:29 | INFO | P3 | ========================
2026-03-24 12:47:29 | INFO | P3 | END main()
2026-03-25 11:38:37 | INFO | P3 | === RUN START ===
2026-03-25 11:38:37 | INFO | P3 | project=CINTEL
2026-03-25 11:38:37 | INFO | P3 | repo_dir=cintel-03-signal-design
2026-03-25 11:38:37 | INFO | P3 | python=3.14.3
2026-03-25 11:38:37 | INFO | P3 | os=Windows 11
2026-03-25 11:38:37 | INFO | P3 | shell=powershell
2026-03-25 11:38:37 | INFO | P3 | cwd=.
2026-03-25 11:38:37 | INFO | P3 | github_actions=False
2026-03-25 11:38:37 | INFO | P3 | ========================
2026-03-25 11:38:37 | INFO | P3 | START main()
2026-03-25 11:38:37 | INFO | P3 | ========================
2026-03-25 11:38:37 | INFO | P3 | ROOT_DIR = .
2026-03-25 11:38:37 | INFO | P3 | DATA_FILE = data\system_metrics_case.csv
2026-03-25 11:38:37 | INFO | P3 | OUTPUT_FILE = artifacts\signals_case.csv
2026-03-25 11:38:37 | INFO | P3 | ARTIFACTS_DIR = artifacts
2026-03-25 11:38:37 | INFO | P3 | Loaded 10 system metric records
2026-03-25 11:38:37 | INFO | P3 | Designing signals from the raw metrics...
2026-03-25 11:38:37 | INFO | P3 | Created signal columns: error_rate, avg_latency_ms, throughput
2026-03-25 11:38:37 | INFO | P3 | Enhanced signals table has 10 rows
2026-03-25 11:38:38 | INFO | P3 | Wrote signals file: C:\Repos\cintel-03-signal-design\artifacts\signals_case.csv
2026-03-25 11:38:38 | INFO | P3 | ========================
2026-03-25 11:38:38 | INFO | P3 | Pipeline executed successfully!
2026-03-25 11:38:38 | INFO | P3 | ========================
2026-03-25 11:38:38 | INFO | P3 | END main()
2026-03-25 11:48:45 | INFO | P3 | === RUN START ===
2026-03-25 11:48:45 | INFO | P3 | project=CINTEL
2026-03-25 11:48:45 | INFO | P3 | repo_dir=cintel-03-signal-design
2026-03-25 11:48:45 | INFO | P3 | python=3.14.3
2026-03-25 11:48:45 | INFO | P3 | os=Windows 11
2026-03-25 11:48:45 | INFO | P3 | shell=powershell
2026-03-25 11:48:45 | INFO | P3 | cwd=.
2026-03-25 11:48:45 | INFO | P3 | github_actions=False
2026-03-25 11:48:45 | INFO | P3 | ========================
2026-03-25 11:48:45 | INFO | P3 | START main()
2026-03-25 11:48:45 | INFO | P3 | ========================
2026-03-25 11:48:45 | INFO | P3 | ROOT_DIR = .
2026-03-25 11:48:45 | INFO | P3 | DATA_FILE = data\system_metrics_bjean.csv
2026-03-25 11:48:45 | INFO | P3 | OUTPUT_FILE = artifacts\signals_bjean.csv
2026-03-25 11:48:45 | INFO | P3 | ARTIFACTS_DIR = artifacts
2026-03-25 11:48:45 | INFO | P3 | Loaded 10 system metric records
2026-03-25 11:48:45 | INFO | P3 | Designing signals from the raw metrics...
2026-03-25 11:48:45 | INFO | P3 | Created signal columns: error_rate, avg_latency_ms, throughput
2026-03-25 11:48:45 | INFO | P3 | Enhanced signals table has 10 rows
2026-03-25 11:48:45 | INFO | P3 | Wrote signals file: C:\Repos\cintel-03-signal-design\artifacts\signals_bjean.csv
2026-03-25 11:48:45 | INFO | P3 | ========================
2026-03-25 11:48:45 | INFO | P3 | Pipeline executed successfully!
2026-03-25 11:48:45 | INFO | P3 | ========================
2026-03-25 11:48:45 | INFO | P3 | END main()
2026-03-25 12:05:20 | INFO | P3 | === RUN START ===
2026-03-25 12:05:20 | INFO | P3 | project=CINTEL
2026-03-25 12:05:20 | INFO | P3 | repo_dir=cintel-03-signal-design
2026-03-25 12:05:20 | INFO | P3 | python=3.14.3
2026-03-25 12:05:20 | INFO | P3 | os=Windows 11
2026-03-25 12:05:20 | INFO | P3 | shell=powershell
2026-03-25 12:05:20 | INFO | P3 | cwd=.
2026-03-25 12:05:20 | INFO | P3 | github_actions=False
2026-03-25 12:05:20 | INFO | P3 | ========================
2026-03-25 12:05:20 | INFO | P3 | START main()
2026-03-25 12:05:20 | INFO | P3 | ========================
2026-03-25 12:05:20 | INFO | P3 | ROOT_DIR = .
2026-03-25 12:05:20 | INFO | P3 | DATA_FILE = data\system_metrics_bjean.csv
2026-03-25 12:05:20 | INFO | P3 | OUTPUT_FILE = artifacts\signals_bjean.csv
2026-03-25 12:05:20 | INFO | P3 | ARTIFACTS_DIR = artifacts
2026-03-25 12:05:20 | INFO | P3 | Loaded 10 system metric records
2026-03-25 12:05:20 | INFO | P3 | Designing signals from the raw metrics...
2026-03-25 12:05:20 | INFO | P3 | Created signal columns: error_rate, avg_latency_ms, throughput
2026-03-25 12:05:20 | INFO | P3 | Enhanced signals table has 10 rows
2026-03-25 12:05:20 | INFO | P3 | Wrote signals file: C:\Repos\cintel-03-signal-design\artifacts\signals_bjean.csv
2026-03-25 12:05:20 | INFO | P3 | ========================
2026-03-25 12:05:20 | INFO | P3 | Pipeline executed successfully!
2026-03-25 12:05:20 | INFO | P3 | ========================
2026-03-25 12:05:20 | INFO | P3 | END main()
2026-03-25 12:07:10 | INFO | P3 | === RUN START ===
2026-03-25 12:07:10 | INFO | P3 | project=CINTEL
2026-03-25 12:07:10 | INFO | P3 | repo_dir=cintel-03-signal-design
2026-03-25 12:07:10 | INFO | P3 | python=3.14.3
2026-03-25 12:07:10 | INFO | P3 | os=Windows 11
2026-03-25 12:07:10 | INFO | P3 | shell=powershell
2026-03-25 12:07:10 | INFO | P3 | cwd=.
2026-03-25 12:07:10 | INFO | P3 | github_actions=False
2026-03-25 12:07:10 | INFO | P3 | ========================
2026-03-25 12:07:10 | INFO | P3 | START main()
2026-03-25 12:07:10 | INFO | P3 | ========================
2026-03-25 12:07:10 | INFO | P3 | ROOT_DIR = .
2026-03-25 12:07:10 | INFO | P3 | DATA_FILE = data\system_metrics_bjean.csv
2026-03-25 12:07:10 | INFO | P3 | OUTPUT_FILE = artifacts\signals_bjean.csv
2026-03-25 12:07:10 | INFO | P3 | ARTIFACTS_DIR = artifacts
2026-03-25 12:07:10 | INFO | P3 | Loaded 10 system metric records
2026-03-25 12:07:10 | INFO | P3 | Designing signals from the raw metrics...
2026-03-25 12:07:10 | INFO | P3 | Created signal columns: error_rate, avg_latency_ms, throughput
2026-03-25 12:07:10 | INFO | P3 | Enhanced signals table has 10 rows
2026-03-25 12:07:10 | INFO | P3 | Wrote signals file: C:\Repos\cintel-03-signal-design\artifacts\signals_bjean.csv
2026-03-25 12:07:10 | INFO | P3 | ========================
2026-03-25 12:07:10 | INFO | P3 | Pipeline executed successfully!
2026-03-25 12:07:10 | INFO | P3 | ========================
2026-03-25 12:07:10 | INFO | P3 | END main()
2026-03-25 12:12:49 | INFO | P3 | === RUN START ===
2026-03-25 12:12:49 | INFO | P3 | project=CINTEL
2026-03-25 12:12:49 | INFO | P3 | repo_dir=cintel-03-signal-design
2026-03-25 12:12:49 | INFO | P3 | python=3.14.3
2026-03-25 12:12:49 | INFO | P3 | os=Windows 11
2026-03-25 12:12:49 | INFO | P3 | shell=powershell
2026-03-25 12:12:49 | INFO | P3 | cwd=.
2026-03-25 12:12:49 | INFO | P3 | github_actions=False
2026-03-25 12:12:49 | INFO | P3 | ========================
2026-03-25 12:12:49 | INFO | P3 | START main()
2026-03-25 12:12:49 | INFO | P3 | ========================
2026-03-25 12:12:49 | INFO | P3 | ROOT_DIR = .
2026-03-25 12:12:49 | INFO | P3 | DATA_FILE = data\system_metrics_bjean.csv
2026-03-25 12:12:49 | INFO | P3 | OUTPUT_FILE = artifacts\signals_bjean.csv
2026-03-25 12:12:49 | INFO | P3 | ARTIFACTS_DIR = artifacts
2026-03-25 12:12:49 | INFO | P3 | Loaded 10 system metric records
2026-03-25 12:12:49 | INFO | P3 | Designing signals from the raw metrics...
2026-03-25 12:12:49 | INFO | P3 | Created signal columns: error_rate, avg_latency_ms, throughput
2026-03-25 12:12:49 | INFO | P3 | Enhanced signals table has 10 rows
2026-03-25 12:12:49 | INFO | P3 | Wrote signals file: C:\Repos\cintel-03-signal-design\artifacts\signals_bjean.csv
2026-03-25 12:12:49 | INFO | P3 | ========================
2026-03-25 12:12:49 | INFO | P3 | Pipeline executed successfully!
2026-03-25 12:12:49 | INFO | P3 | ========================
2026-03-25 12:12:49 | INFO | P3 | END main()
2026-03-25 12:13:59 | INFO | P3 | === RUN START ===
2026-03-25 12:13:59 | INFO | P3 | project=CINTEL
2026-03-25 12:13:59 | INFO | P3 | repo_dir=cintel-03-signal-design
2026-03-25 12:13:59 | INFO | P3 | python=3.14.3
2026-03-25 12:13:59 | INFO | P3 | os=Windows 11
2026-03-25 12:13:59 | INFO | P3 | shell=powershell
2026-03-25 12:13:59 | INFO | P3 | cwd=.
2026-03-25 12:13:59 | INFO | P3 | github_actions=False
2026-03-25 12:13:59 | INFO | P3 | ========================
2026-03-25 12:13:59 | INFO | P3 | START main()
2026-03-25 12:13:59 | INFO | P3 | ========================
2026-03-25 12:13:59 | INFO | P3 | ROOT_DIR = .
2026-03-25 12:13:59 | INFO | P3 | DATA_FILE = data\system_metrics_bjean.csv
2026-03-25 12:13:59 | INFO | P3 | OUTPUT_FILE = artifacts\signals_bjean.csv
2026-03-25 12:13:59 | INFO | P3 | ARTIFACTS_DIR = artifacts
2026-03-25 12:13:59 | INFO | P3 | Loaded 10 system metric records
2026-03-25 12:13:59 | INFO | P3 | Designing signals from the raw metrics...
2026-03-25 12:13:59 | INFO | P3 | Created signal columns: error_rate, avg_latency_ms, throughput
2026-03-25 12:13:59 | INFO | P3 | Enhanced signals table has 10 rows
2026-03-25 12:13:59 | INFO | P3 | Wrote signals file: C:\Repos\cintel-03-signal-design\artifacts\signals_bjean.csv
2026-03-25 12:13:59 | INFO | P3 | ========================
2026-03-25 12:13:59 | INFO | P3 | Pipeline executed successfully!
2026-03-25 12:13:59 | INFO | P3 | ========================
2026-03-25 12:13:59 | INFO | P3 | END main()
2026-03-25 12:19:03 | INFO | P3 | === RUN START ===
2026-03-25 12:19:03 | INFO | P3 | project=CINTEL
2026-03-25 12:19:03 | INFO | P3 | repo_dir=cintel-03-signal-design
2026-03-25 12:19:03 | INFO | P3 | python=3.14.3
2026-03-25 12:19:03 | INFO | P3 | os=Windows 11
2026-03-25 12:19:03 | INFO | P3 | shell=powershell
2026-03-25 12:19:03 | INFO | P3 | cwd=.
2026-03-25 12:19:03 | INFO | P3 | github_actions=False
2026-03-25 12:19:03 | INFO | P3 | ========================
2026-03-25 12:19:03 | INFO | P3 | START main()
2026-03-25 12:19:03 | INFO | P3 | ========================
2026-03-25 12:19:03 | INFO | P3 | ROOT_DIR = .
2026-03-25 12:19:03 | INFO | P3 | DATA_FILE = data\system_metrics_bjean.csv
2026-03-25 12:19:03 | INFO | P3 | OUTPUT_FILE = artifacts\signals_bjean.csv
2026-03-25 12:19:03 | INFO | P3 | ARTIFACTS_DIR = artifacts
2026-03-25 12:19:03 | INFO | P3 | Loaded 10 system metric records
2026-03-25 12:19:03 | INFO | P3 | Designing signals from the raw metrics...
2026-03-25 12:19:03 | INFO | P3 | Created signal columns: error_rate, avg_latency_ms, throughput
2026-03-25 12:19:03 | INFO | P3 | Enhanced signals table has 10 rows
2026-03-25 12:19:03 | INFO | P3 | Wrote signals file: C:\Repos\cintel-03-signal-design\artifacts\signals_bjean.csv
2026-03-25 12:19:03 | INFO | P3 | ========================
2026-03-25 12:19:03 | INFO | P3 | Pipeline executed successfully!
2026-03-25 12:19:03 | INFO | P3 | ========================
2026-03-25 12:19:03 | INFO | P3 | END main()
2026-03-25 12:20:19 | INFO | P3 | === RUN START ===
2026-03-25 12:20:19 | INFO | P3 | project=CINTEL
2026-03-25 12:20:19 | INFO | P3 | repo_dir=cintel-03-signal-design
2026-03-25 12:20:19 | INFO | P3 | python=3.14.3
2026-03-25 12:20:19 | INFO | P3 | os=Windows 11
2026-03-25 12:20:19 | INFO | P3 | shell=powershell
2026-03-25 12:20:19 | INFO | P3 | cwd=.
2026-03-25 12:20:19 | INFO | P3 | github_actions=False
2026-03-25 12:20:19 | INFO | P3 | ========================
2026-03-25 12:20:19 | INFO | P3 | START main()
2026-03-25 12:20:19 | INFO | P3 | ========================
2026-03-25 12:20:19 | INFO | P3 | ROOT_DIR = .
2026-03-25 12:20:19 | INFO | P3 | DATA_FILE = data\system_metrics_bjean.csv
2026-03-25 12:20:19 | INFO | P3 | OUTPUT_FILE = artifacts\signals_bjean.csv
2026-03-25 12:20:19 | INFO | P3 | ARTIFACTS_DIR = artifacts
2026-03-25 12:20:19 | INFO | P3 | Loaded 10 system metric records
2026-03-25 12:20:19 | INFO | P3 | Designing signals from the raw metrics...
2026-03-25 12:20:19 | INFO | P3 | Created signal columns: error_rate, avg_latency_ms, throughput
2026-03-25 12:20:19 | INFO | P3 | Enhanced signals table has 10 rows
2026-03-25 12:20:19 | INFO | P3 | Wrote signals file: C:\Repos\cintel-03-signal-design\artifacts\signals_bjean.csv
2026-03-25 12:20:19 | INFO | P3 | ========================
2026-03-25 12:20:19 | INFO | P3 | Pipeline executed successfully!
2026-03-25 12:20:19 | INFO | P3 | ========================
2026-03-25 12:20:19 | INFO | P3 | END main()
2026-03-25 12:21:17 | INFO | P3 | === RUN START ===
2026-03-25 12:21:17 | INFO | P3 | project=CINTEL
2026-03-25 12:21:17 | INFO | P3 | repo_dir=cintel-03-signal-design
2026-03-25 12:21:17 | INFO | P3 | python=3.14.3
2026-03-25 12:21:17 | INFO | P3 | os=Windows 11
2026-03-25 12:21:17 | INFO | P3 | shell=powershell
2026-03-25 12:21:17 | INFO | P3 | cwd=.
2026-03-25 12:21:17 | INFO | P3 | github_actions=False
2026-03-25 12:21:17 | INFO | P3 | ========================
2026-03-25 12:21:17 | INFO | P3 | START main()
2026-03-25 12:21:17 | INFO | P3 | ========================
2026-03-25 12:21:17 | INFO | P3 | ROOT_DIR = .
2026-03-25 12:21:17 | INFO | P3 | DATA_FILE = data\system_metrics_bjean.csv
2026-03-25 12:21:17 | INFO | P3 | OUTPUT_FILE = artifacts\signals_bjean.csv
2026-03-25 12:21:17 | INFO | P3 | ARTIFACTS_DIR = artifacts
2026-03-25 12:21:17 | INFO | P3 | Loaded 10 system metric records
2026-03-25 12:21:17 | INFO | P3 | Designing signals from the raw metrics...
2026-03-25 12:21:17 | INFO | P3 | Created signal columns: error_rate, avg_latency_ms, throughput
2026-03-25 12:21:17 | INFO | P3 | Enhanced signals table has 10 rows
2026-03-25 12:21:17 | INFO | P3 | Wrote signals file: C:\Repos\cintel-03-signal-design\artifacts\signals_bjean.csv
2026-03-25 12:21:17 | INFO | P3 | ========================
2026-03-25 12:21:17 | INFO | P3 | Pipeline executed successfully!
2026-03-25 12:21:17 | INFO | P3 | ========================
2026-03-25 12:21:17 | INFO | P3 | END main()
2026-03-25 12:22:31 | INFO | P3 | === RUN START ===
2026-03-25 12:22:31 | INFO | P3 | project=CINTEL
2026-03-25 12:22:31 | INFO | P3 | repo_dir=cintel-03-signal-design
2026-03-25 12:22:31 | INFO | P3 | python=3.14.3
2026-03-25 12:22:31 | INFO | P3 | os=Windows 11
2026-03-25 12:22:31 | INFO | P3 | shell=powershell
2026-03-25 12:22:31 | INFO | P3 | cwd=.
2026-03-25 12:22:31 | INFO | P3 | github_actions=False
2026-03-25 12:22:31 | INFO | P3 | ========================
2026-03-25 12:22:31 | INFO | P3 | START main()
2026-03-25 12:22:31 | INFO | P3 | ========================
2026-03-25 12:22:31 | INFO | P3 | ROOT_DIR = .
2026-03-25 12:22:31 | INFO | P3 | DATA_FILE = data\system_metrics_bjean.csv
2026-03-25 12:22:31 | INFO | P3 | OUTPUT_FILE = artifacts\signals_bjean.csv
2026-03-25 12:22:31 | INFO | P3 | ARTIFACTS_DIR = artifacts
2026-03-25 12:22:31 | INFO | P3 | Loaded 10 system metric records
2026-03-25 12:22:31 | INFO | P3 | Designing signals from the raw metrics...
2026-03-25 12:22:31 | INFO | P3 | Created signal columns: error_rate, avg_latency_ms, throughput
2026-03-25 12:22:31 | INFO | P3 | Enhanced signals table has 10 rows
2026-03-25 12:22:31 | INFO | P3 | Wrote signals file: C:\Repos\cintel-03-signal-design\artifacts\signals_bjean.csv
2026-03-25 12:22:31 | INFO | P3 | ========================
2026-03-25 12:22:31 | INFO | P3 | Pipeline executed successfully!
2026-03-25 12:22:31 | INFO | P3 | ========================
2026-03-25 12:22:31 | INFO | P3 | END main()
2026-03-25 12:23:55 | INFO | P3 | === RUN START ===
2026-03-25 12:23:55 | INFO | P3 | project=CINTEL
2026-03-25 12:23:55 | INFO | P3 | repo_dir=cintel-03-signal-design
2026-03-25 12:23:55 | INFO | P3 | python=3.14.3
2026-03-25 12:23:55 | INFO | P3 | os=Windows 11
2026-03-25 12:23:55 | INFO | P3 | shell=powershell
2026-03-25 12:23:55 | INFO | P3 | cwd=.
2026-03-25 12:23:55 | INFO | P3 | github_actions=False
2026-03-25 12:23:55 | INFO | P3 | ========================
2026-03-25 12:23:55 | INFO | P3 | START main()
2026-03-25 12:23:55 | INFO | P3 | ========================
2026-03-25 12:23:55 | INFO | P3 | ROOT_DIR = .
2026-03-25 12:23:55 | INFO | P3 | DATA_FILE = data\system_metrics_bjean.csv
2026-03-25 12:23:55 | INFO | P3 | OUTPUT_FILE = artifacts\signals_bjean.csv
2026-03-25 12:23:55 | INFO | P3 | ARTIFACTS_DIR = artifacts
2026-03-25 12:23:55 | INFO | P3 | Loaded 10 system metric records
2026-03-25 12:23:55 | INFO | P3 | Designing signals from the raw metrics...
2026-03-25 12:23:55 | INFO | P3 | Created signal columns: error_rate, avg_latency_ms, throughput
2026-03-25 12:23:55 | INFO | P3 | Enhanced signals table has 10 rows
2026-03-25 12:23:55 | INFO | P3 | Wrote signals file: C:\Repos\cintel-03-signal-design\artifacts\signals_bjean.csv
2026-03-25 12:23:55 | INFO | P3 | ========================
2026-03-25 12:23:55 | INFO | P3 | Pipeline executed successfully!
2026-03-25 12:23:55 | INFO | P3 | ========================
2026-03-25 12:23:55 | INFO | P3 | END main()
2026-03-25 12:24:54 | INFO | P3 | === RUN START ===
2026-03-25 12:24:54 | INFO | P3 | project=CINTEL
2026-03-25 12:24:54 | INFO | P3 | repo_dir=cintel-03-signal-design
2026-03-25 12:24:54 | INFO | P3 | python=3.14.3
2026-03-25 12:24:54 | INFO | P3 | os=Windows 11
2026-03-25 12:24:54 | INFO | P3 | shell=powershell
2026-03-25 12:24:54 | INFO | P3 | cwd=.
2026-03-25 12:24:54 | INFO | P3 | github_actions=False
2026-03-25 12:24:54 | INFO | P3 | ========================
2026-03-25 12:24:54 | INFO | P3 | START main()
2026-03-25 12:24:54 | INFO | P3 | ========================
2026-03-25 12:24:54 | INFO | P3 | ROOT_DIR = .
2026-03-25 12:24:54 | INFO | P3 | DATA_FILE = data\system_metrics_bjean.csv
2026-03-25 12:24:54 | INFO | P3 | OUTPUT_FILE = artifacts\signals_bjean.csv
2026-03-25 12:24:54 | INFO | P3 | ARTIFACTS_DIR = artifacts
2026-03-25 12:24:54 | INFO | P3 | Loaded 10 system metric records
2026-03-25 12:24:54 | INFO | P3 | Designing signals from the raw metrics...
2026-03-25 12:24:54 | INFO | P3 | Created signal columns: error_rate, avg_latency_ms, throughput
2026-03-25 12:24:54 | INFO | P3 | Enhanced signals table has 10 rows
2026-03-25 12:24:54 | INFO | P3 | Wrote signals file: C:\Repos\cintel-03-signal-design\artifacts\signals_bjean.csv
2026-03-25 12:24:54 | INFO | P3 | ========================
2026-03-25 12:24:54 | INFO | P3 | Pipeline executed successfully!
2026-03-25 12:24:54 | INFO | P3 | ========================
2026-03-25 12:24:54 | INFO | P3 | END main()
2026-03-25 12:30:21 | INFO | P3 | === RUN START ===
2026-03-25 12:30:21 | INFO | P3 | project=CINTEL
2026-03-25 12:30:21 | INFO | P3 | repo_dir=cintel-03-signal-design
2026-03-25 12:30:21 | INFO | P3 | python=3.14.3
2026-03-25 12:30:21 | INFO | P3 | os=Windows 11
2026-03-25 12:30:21 | INFO | P3 | shell=powershell
2026-03-25 12:30:21 | INFO | P3 | cwd=.
2026-03-25 12:30:21 | INFO | P3 | github_actions=False
2026-03-25 12:30:21 | INFO | P3 | ========================
2026-03-25 12:30:21 | INFO | P3 | START main()
2026-03-25 12:30:21 | INFO | P3 | ========================
2026-03-25 12:30:21 | INFO | P3 | ROOT_DIR = .
2026-03-25 12:30:21 | INFO | P3 | DATA_FILE = data\system_metrics_bjean.csv
2026-03-25 12:30:21 | INFO | P3 | OUTPUT_FILE = artifacts\signals_bjean.csv
2026-03-25 12:30:21 | INFO | P3 | ARTIFACTS_DIR = artifacts
2026-03-25 12:30:21 | INFO | P3 | Loaded 10 system metric records
2026-03-25 12:30:21 | INFO | P3 | Designing signals from the raw metrics...
2026-03-25 12:30:21 | INFO | P3 | Created signal columns: error_rate, avg_latency_ms, throughput
2026-03-25 12:30:21 | INFO | P3 | Enhanced signals table has 10 rows
2026-03-25 12:30:21 | INFO | P3 | Wrote signals file: C:\Repos\cintel-03-signal-design\artifacts\signals_bjean.csv
2026-03-25 12:30:21 | INFO | P3 | ========================
2026-03-25 12:30:21 | INFO | P3 | Pipeline executed successfully!
2026-03-25 12:30:21 | INFO | P3 | ========================
2026-03-25 12:30:21 | INFO | P3 | END main()
